-------------------------------------------------------------------------------
Test set: com.garden.lily.server.LilyApplicationTests
-------------------------------------------------------------------------------
Tests run: 1, Failures: 0, Errors: 1, Skipped: 0, Time elapsed: 0.65 s <<< FAILURE! - in com.garden.lily.server.LilyApplicationTests
com.garden.lily.server.LilyApplicationTests  Time elapsed: 0.648 s  <<< ERROR!
java.lang.IllegalStateException: Unable to find a @SpringBootConfiguration, you need to use @ContextConfiguration or @SpringBootTest(classes=...) with your test

